<?xml version="1.0" encoding="UTF-8"?>
<!-- Generated by org.testng.reporters.JUnitXMLReporter -->
<testsuite hostname="DESKTOP-830CFB9" ignored="0" name="Default test" tests="6" failures="0" timestamp="2022-10-13T01:20:39 CEST" time="19.09" errors="0">
  <testcase name="visitTheAdminCitiesPageAndListCities" time="1.51" classname="tests.AdminCitiesTests"/>
  <testcase name="checksInputTypesForCreateOrEditNewCity" time="0.595" classname="tests.AdminCitiesTests"/>
  <testcase name="createNewCity" time="1.622" classname="tests.AdminCitiesTests"/>
  <testcase name="editCity" time="3.04" classname="tests.AdminCitiesTests"/>
  <testcase name="searchCity" time="1.956" classname="tests.AdminCitiesTests"/>
  <testcase name="deleteCity" time="2.257" classname="tests.AdminCitiesTests"/>
</testsuite> <!-- Default test -->
