<?xml version="1.0" encoding="UTF-8"?>
<!-- Generated by org.testng.reporters.JUnitXMLReporter -->
<testsuite hostname="DESKTOP-830CFB9" ignored="0" name="Default test" tests="4" failures="0" timestamp="2022-10-12T14:35:48 CEST" time="9.292" errors="0">
  <testcase name="forbidsVisitsToHomeUrlIfNotAuthenticated" time="0.68" classname="tests.AuthRoutesTests"/>
  <testcase name="forbidsVisitsToProfileUrlIfNotAuthenticated" time="0.595" classname="tests.AuthRoutesTests"/>
  <testcase name="forbidsVisitsToAdminCitiesUrlIfNotAuthenticated" time="0.561" classname="tests.AuthRoutesTests"/>
  <testcase name="forbidsVisitsToAdminUsersUrlIfNotAuthenticated" time="0.628" classname="tests.AuthRoutesTests"/>
</testsuite> <!-- Default test -->
