<?xml version="1.0" encoding="UTF-8"?>
<testng-results skipped="0" failed="0" ignored="0" total="1" passed="1">
  <reporter-output>
  </reporter-output>
  <suite name="Default suite" duration-ms="7501" started-at="2022-10-12T02:37:43 CEST" finished-at="2022-10-12T02:37:51 CEST">
    <groups>
    </groups>
    <test name="Default test" duration-ms="7501" started-at="2022-10-12T02:37:43 CEST" finished-at="2022-10-12T02:37:51 CEST">
      <class name="tests.AdminCitiesTests">
        <test-method status="PASS" signature="setup()[pri:0, instance:tests.AdminCitiesTests@cb0ed20]" name="setup" is-config="true" duration-ms="3509" started-at="2022-10-12T02:37:43 CEST" finished-at="2022-10-12T02:37:47 CEST">
          <reporter-output>
          </reporter-output>
        </test-method> <!-- setup -->
        <test-method status="PASS" signature="beforeMethod()[pri:0, instance:tests.AdminCitiesTests@cb0ed20]" name="beforeMethod" is-config="true" duration-ms="1627" started-at="2022-10-12T02:37:47 CEST" finished-at="2022-10-12T02:37:48 CEST">
          <reporter-output>
          </reporter-output>
        </test-method> <!-- beforeMethod -->
        <test-method status="PASS" signature="visitTheAdminCitiesPageAndListCities()[pri:10, instance:tests.AdminCitiesTests@cb0ed20]" name="visitTheAdminCitiesPageAndListCities" duration-ms="1475" started-at="2022-10-12T02:37:48 CEST" finished-at="2022-10-12T02:37:50 CEST">
          <reporter-output>
          </reporter-output>
        </test-method> <!-- visitTheAdminCitiesPageAndListCities -->
        <test-method status="PASS" signature="afterMethod()[pri:0, instance:tests.AdminCitiesTests@cb0ed20]" name="afterMethod" is-config="true" duration-ms="0" started-at="2022-10-12T02:37:50 CEST" finished-at="2022-10-12T02:37:50 CEST">
          <reporter-output>
          </reporter-output>
        </test-method> <!-- afterMethod -->
        <test-method status="PASS" signature="afterClass()[pri:0, instance:tests.AdminCitiesTests@cb0ed20]" name="afterClass" is-config="true" duration-ms="833" started-at="2022-10-12T02:37:50 CEST" finished-at="2022-10-12T02:37:51 CEST">
          <reporter-output>
          </reporter-output>
        </test-method> <!-- afterClass -->
      </class> <!-- tests.AdminCitiesTests -->
    </test> <!-- Default test -->
  </suite> <!-- Default suite -->
</testng-results>
