<?xml version="1.0" encoding="UTF-8"?>
<testng-results skipped="0" failed="1" ignored="0" total="1" passed="0">
  <reporter-output>
  </reporter-output>
  <suite name="Default suite" duration-ms="7854" started-at="2022-10-15T19:45:06 CEST" finished-at="2022-10-15T19:45:14 CEST">
    <groups>
    </groups>
    <test name="Default test" duration-ms="7854" started-at="2022-10-15T19:45:06 CEST" finished-at="2022-10-15T19:45:14 CEST">
      <class name="tests.ProfileTests">
        <test-method status="PASS" signature="setup()[pri:0, instance:tests.ProfileTests@cb0ed20]" name="setup" is-config="true" duration-ms="3505" started-at="2022-10-15T19:45:06 CEST" finished-at="2022-10-15T19:45:10 CEST">
          <reporter-output>
          </reporter-output>
        </test-method> <!-- setup -->
        <test-method status="PASS" signature="beforeMethod()[pri:0, instance:tests.ProfileTests@cb0ed20]" name="beforeMethod" is-config="true" duration-ms="1610" started-at="2022-10-15T19:45:10 CEST" finished-at="2022-10-15T19:45:11 CEST">
          <reporter-output>
          </reporter-output>
        </test-method> <!-- beforeMethod -->
        <test-method status="FAIL" signature="visitsTheProfilePage()[pri:10, instance:tests.ProfileTests@cb0ed20]" name="visitsTheProfilePage" duration-ms="1347" started-at="2022-10-15T19:45:11 CEST" finished-at="2022-10-15T19:45:13 CEST">
          <exception class="java.lang.NullPointerException">
            <full-stacktrace>
              <![CDATA[java.lang.NullPointerException
at pages.ProfilePage.waitForPleaseWaitMessageToBeInvisible(ProfilePage.java:22)
at tests.ProfileTests.visitsTheProfilePage(ProfileTests.java:16)
at sun.reflect.NativeMethodAccessorImpl.invoke0(Native Method)
at sun.reflect.NativeMethodAccessorImpl.invoke(Unknown Source)
at sun.reflect.DelegatingMethodAccessorImpl.invoke(Unknown Source)
at java.lang.reflect.Method.invoke(Unknown Source)
at org.testng.internal.MethodInvocationHelper.invokeMethod(MethodInvocationHelper.java:133)
at org.testng.internal.TestInvoker.invokeMethod(TestInvoker.java:598)
at org.testng.internal.TestInvoker.invokeTestMethod(TestInvoker.java:173)
at org.testng.internal.MethodRunner.runInSequence(MethodRunner.java:46)
at org.testng.internal.TestInvoker$MethodInvocationAgent.invoke(TestInvoker.java:824)
at org.testng.internal.TestInvoker.invokeTestMethods(TestInvoker.java:146)
at org.testng.internal.TestMethodWorker.invokeTestMethods(TestMethodWorker.java:146)
at org.testng.internal.TestMethodWorker.run(TestMethodWorker.java:128)
at java.util.ArrayList.forEach(Unknown Source)
at org.testng.TestRunner.privateRun(TestRunner.java:794)
at org.testng.TestRunner.run(TestRunner.java:596)
at org.testng.SuiteRunner.runTest(SuiteRunner.java:377)
at org.testng.SuiteRunner.runSequentially(SuiteRunner.java:371)
at org.testng.SuiteRunner.privateRun(SuiteRunner.java:332)
at org.testng.SuiteRunner.run(SuiteRunner.java:276)
at org.testng.SuiteRunnerWorker.runSuite(SuiteRunnerWorker.java:53)
at org.testng.SuiteRunnerWorker.run(SuiteRunnerWorker.java:96)
at org.testng.TestNG.runSuitesSequentially(TestNG.java:1212)
at org.testng.TestNG.runSuitesLocally(TestNG.java:1134)
at org.testng.TestNG.runSuites(TestNG.java:1063)
at org.testng.TestNG.run(TestNG.java:1031)
at org.testng.remote.AbstractRemoteTestNG.run(AbstractRemoteTestNG.java:115)
at org.testng.remote.RemoteTestNG.initAndRun(RemoteTestNG.java:251)
at org.testng.remote.RemoteTestNG.main(RemoteTestNG.java:77)
]]>
            </full-stacktrace>
          </exception> <!-- java.lang.NullPointerException -->
          <reporter-output>
          </reporter-output>
        </test-method> <!-- visitsTheProfilePage -->
        <test-method status="PASS" signature="afterMethod(org.testng.ITestResult)[pri:0, instance:tests.ProfileTests@cb0ed20]" name="afterMethod" is-config="true" duration-ms="549" started-at="2022-10-15T19:45:13 CEST" finished-at="2022-10-15T19:45:13 CEST">
          <params>
            <param index="0">
              <value>
                <![CDATA[[TestResult name=visitsTheProfilePage status=FAILURE method=ProfileTests.visitsTheProfilePage()[pri:10, instance:tests.ProfileTests@cb0ed20] output={null}]]]>
              </value>
            </param>
          </params>
          <reporter-output>
          </reporter-output>
        </test-method> <!-- afterMethod -->
        <test-method status="PASS" signature="afterClass()[pri:0, instance:tests.ProfileTests@cb0ed20]" name="afterClass" is-config="true" duration-ms="790" started-at="2022-10-15T19:45:13 CEST" finished-at="2022-10-15T19:45:14 CEST">
          <reporter-output>
          </reporter-output>
        </test-method> <!-- afterClass -->
      </class> <!-- tests.ProfileTests -->
    </test> <!-- Default test -->
  </suite> <!-- Default suite -->
</testng-results>
