<?xml version="1.0" encoding="UTF-8"?>
<testng-results skipped="0" failed="0" ignored="0" total="3" passed="3">
  <reporter-output>
  </reporter-output>
  <suite name="Default suite" duration-ms="17068" started-at="2022-10-12T01:37:35 CEST" finished-at="2022-10-12T01:37:52 CEST">
    <groups>
    </groups>
    <test name="Default test" duration-ms="17068" started-at="2022-10-12T01:37:35 CEST" finished-at="2022-10-12T01:37:52 CEST">
      <class name="tests.SignupTests">
        <test-method status="PASS" signature="setup()[pri:0, instance:tests.SignupTests@cb0ed20]" name="setup" is-config="true" duration-ms="7241" started-at="2022-10-12T01:37:35 CEST" finished-at="2022-10-12T01:37:42 CEST">
          <reporter-output>
          </reporter-output>
        </test-method> <!-- setup -->
        <test-method status="PASS" signature="beforeMethod()[pri:0, instance:tests.SignupTests@cb0ed20]" name="beforeMethod" is-config="true" duration-ms="2880" started-at="2022-10-12T01:37:42 CEST" finished-at="2022-10-12T01:37:45 CEST">
          <reporter-output>
          </reporter-output>
        </test-method> <!-- beforeMethod -->
        <test-method status="PASS" signature="visitsTheSignupPage()[pri:10, instance:tests.SignupTests@cb0ed20]" name="visitsTheSignupPage" duration-ms="1208" started-at="2022-10-12T01:37:45 CEST" finished-at="2022-10-12T01:37:46 CEST">
          <reporter-output>
          </reporter-output>
        </test-method> <!-- visitsTheSignupPage -->
        <test-method status="PASS" signature="afterMethod()[pri:0, instance:tests.SignupTests@cb0ed20]" name="afterMethod" is-config="true" duration-ms="1" started-at="2022-10-12T01:37:46 CEST" finished-at="2022-10-12T01:37:46 CEST">
          <reporter-output>
          </reporter-output>
        </test-method> <!-- afterMethod -->
        <test-method status="PASS" signature="beforeMethod()[pri:0, instance:tests.SignupTests@cb0ed20]" name="beforeMethod" is-config="true" duration-ms="830" started-at="2022-10-12T01:37:46 CEST" finished-at="2022-10-12T01:37:47 CEST">
          <reporter-output>
          </reporter-output>
        </test-method> <!-- beforeMethod -->
        <test-method status="PASS" signature="checksInputTypes()[pri:20, instance:tests.SignupTests@cb0ed20]" name="checksInputTypes" duration-ms="698" started-at="2022-10-12T01:37:47 CEST" finished-at="2022-10-12T01:37:48 CEST">
          <reporter-output>
          </reporter-output>
        </test-method> <!-- checksInputTypes -->
        <test-method status="PASS" signature="afterMethod()[pri:0, instance:tests.SignupTests@cb0ed20]" name="afterMethod" is-config="true" duration-ms="0" started-at="2022-10-12T01:37:48 CEST" finished-at="2022-10-12T01:37:48 CEST">
          <reporter-output>
          </reporter-output>
        </test-method> <!-- afterMethod -->
        <test-method status="PASS" signature="beforeMethod()[pri:0, instance:tests.SignupTests@cb0ed20]" name="beforeMethod" is-config="true" duration-ms="592" started-at="2022-10-12T01:37:48 CEST" finished-at="2022-10-12T01:37:48 CEST">
          <reporter-output>
          </reporter-output>
        </test-method> <!-- beforeMethod -->
        <test-method status="PASS" signature="displaysErrorsWhenuserAlreadyExists()[pri:30, instance:tests.SignupTests@cb0ed20]" name="displaysErrorsWhenuserAlreadyExists" duration-ms="2595" started-at="2022-10-12T01:37:48 CEST" finished-at="2022-10-12T01:37:51 CEST">
          <reporter-output>
          </reporter-output>
        </test-method> <!-- displaysErrorsWhenuserAlreadyExists -->
        <test-method status="PASS" signature="afterMethod()[pri:0, instance:tests.SignupTests@cb0ed20]" name="afterMethod" is-config="true" duration-ms="0" started-at="2022-10-12T01:37:51 CEST" finished-at="2022-10-12T01:37:51 CEST">
          <reporter-output>
          </reporter-output>
        </test-method> <!-- afterMethod -->
        <test-method status="PASS" signature="afterClass()[pri:0, instance:tests.SignupTests@cb0ed20]" name="afterClass" is-config="true" duration-ms="944" started-at="2022-10-12T01:37:51 CEST" finished-at="2022-10-12T01:37:52 CEST">
          <reporter-output>
          </reporter-output>
        </test-method> <!-- afterClass -->
      </class> <!-- tests.SignupTests -->
    </test> <!-- Default test -->
  </suite> <!-- Default suite -->
</testng-results>
