<?xml version="1.0" encoding="UTF-8"?>
<testng-results skipped="0" failed="0" ignored="0" total="6" passed="6">
  <reporter-output>
  </reporter-output>
  <suite name="Default suite" duration-ms="34726" started-at="2022-10-12T00:55:41 CEST" finished-at="2022-10-12T00:56:16 CEST">
    <groups>
    </groups>
    <test name="Default test" duration-ms="34726" started-at="2022-10-12T00:55:41 CEST" finished-at="2022-10-12T00:56:16 CEST">
      <class name="tests.LoginTests">
        <test-method status="PASS" signature="setup()[pri:0, instance:tests.LoginTests@cb0ed20]" name="setup" is-config="true" duration-ms="7493" started-at="2022-10-12T00:55:41 CEST" finished-at="2022-10-12T00:55:49 CEST">
          <reporter-output>
          </reporter-output>
        </test-method> <!-- setup -->
        <test-method status="PASS" signature="beforeMethod()[pri:0, instance:tests.LoginTests@cb0ed20]" name="beforeMethod" is-config="true" duration-ms="5224" started-at="2022-10-12T00:55:49 CEST" finished-at="2022-10-12T00:55:54 CEST">
          <reporter-output>
          </reporter-output>
        </test-method> <!-- beforeMethod -->
        <test-method status="PASS" signature="visitsTheLoginPage()[pri:10, instance:tests.LoginTests@cb0ed20]" name="visitsTheLoginPage" duration-ms="2796" started-at="2022-10-12T00:55:54 CEST" finished-at="2022-10-12T00:55:57 CEST">
          <reporter-output>
          </reporter-output>
        </test-method> <!-- visitsTheLoginPage -->
        <test-method status="PASS" signature="afterMethod()[pri:0, instance:tests.LoginTests@cb0ed20]" name="afterMethod" is-config="true" duration-ms="1" started-at="2022-10-12T00:55:57 CEST" finished-at="2022-10-12T00:55:57 CEST">
          <reporter-output>
          </reporter-output>
        </test-method> <!-- afterMethod -->
        <test-method status="PASS" signature="beforeMethod()[pri:0, instance:tests.LoginTests@cb0ed20]" name="beforeMethod" is-config="true" duration-ms="1937" started-at="2022-10-12T00:55:57 CEST" finished-at="2022-10-12T00:55:59 CEST">
          <reporter-output>
          </reporter-output>
        </test-method> <!-- beforeMethod -->
        <test-method status="PASS" signature="checksInputTypes()[pri:20, instance:tests.LoginTests@cb0ed20]" name="checksInputTypes" duration-ms="1128" started-at="2022-10-12T00:55:59 CEST" finished-at="2022-10-12T00:56:00 CEST">
          <reporter-output>
          </reporter-output>
        </test-method> <!-- checksInputTypes -->
        <test-method status="PASS" signature="afterMethod()[pri:0, instance:tests.LoginTests@cb0ed20]" name="afterMethod" is-config="true" duration-ms="0" started-at="2022-10-12T00:56:00 CEST" finished-at="2022-10-12T00:56:00 CEST">
          <reporter-output>
          </reporter-output>
        </test-method> <!-- afterMethod -->
        <test-method status="PASS" signature="beforeMethod()[pri:0, instance:tests.LoginTests@cb0ed20]" name="beforeMethod" is-config="true" duration-ms="1318" started-at="2022-10-12T00:56:00 CEST" finished-at="2022-10-12T00:56:01 CEST">
          <reporter-output>
          </reporter-output>
        </test-method> <!-- beforeMethod -->
        <test-method status="PASS" signature="displaysErrorsWhenUserDoesNotExist()[pri:30, instance:tests.LoginTests@cb0ed20]" name="displaysErrorsWhenUserDoesNotExist" duration-ms="3663" started-at="2022-10-12T00:56:01 CEST" finished-at="2022-10-12T00:56:05 CEST">
          <reporter-output>
          </reporter-output>
        </test-method> <!-- displaysErrorsWhenUserDoesNotExist -->
        <test-method status="PASS" signature="afterMethod()[pri:0, instance:tests.LoginTests@cb0ed20]" name="afterMethod" is-config="true" duration-ms="1" started-at="2022-10-12T00:56:05 CEST" finished-at="2022-10-12T00:56:05 CEST">
          <reporter-output>
          </reporter-output>
        </test-method> <!-- afterMethod -->
        <test-method status="PASS" signature="beforeMethod()[pri:0, instance:tests.LoginTests@cb0ed20]" name="beforeMethod" is-config="true" duration-ms="1190" started-at="2022-10-12T00:56:05 CEST" finished-at="2022-10-12T00:56:06 CEST">
          <reporter-output>
          </reporter-output>
        </test-method> <!-- beforeMethod -->
        <test-method status="PASS" signature="displaysErrorsWhenPasswordIsWrong()[pri:40, instance:tests.LoginTests@cb0ed20]" name="displaysErrorsWhenPasswordIsWrong" duration-ms="2209" started-at="2022-10-12T00:56:06 CEST" finished-at="2022-10-12T00:56:08 CEST">
          <reporter-output>
          </reporter-output>
        </test-method> <!-- displaysErrorsWhenPasswordIsWrong -->
        <test-method status="PASS" signature="afterMethod()[pri:0, instance:tests.LoginTests@cb0ed20]" name="afterMethod" is-config="true" duration-ms="0" started-at="2022-10-12T00:56:08 CEST" finished-at="2022-10-12T00:56:08 CEST">
          <reporter-output>
          </reporter-output>
        </test-method> <!-- afterMethod -->
        <test-method status="PASS" signature="beforeMethod()[pri:0, instance:tests.LoginTests@cb0ed20]" name="beforeMethod" is-config="true" duration-ms="1417" started-at="2022-10-12T00:56:08 CEST" finished-at="2022-10-12T00:56:10 CEST">
          <reporter-output>
          </reporter-output>
        </test-method> <!-- beforeMethod -->
        <test-method status="PASS" signature="login()[pri:50, instance:tests.LoginTests@cb0ed20]" name="login" duration-ms="3256" started-at="2022-10-12T00:56:10 CEST" finished-at="2022-10-12T00:56:13 CEST">
          <reporter-output>
          </reporter-output>
        </test-method> <!-- login -->
        <test-method status="PASS" signature="afterMethod()[pri:0, instance:tests.LoginTests@cb0ed20]" name="afterMethod" is-config="true" duration-ms="1" started-at="2022-10-12T00:56:13 CEST" finished-at="2022-10-12T00:56:13 CEST">
          <reporter-output>
          </reporter-output>
        </test-method> <!-- afterMethod -->
        <test-method status="PASS" signature="beforeMethod()[pri:0, instance:tests.LoginTests@cb0ed20]" name="beforeMethod" is-config="true" duration-ms="1213" started-at="2022-10-12T00:56:13 CEST" finished-at="2022-10-12T00:56:14 CEST">
          <reporter-output>
          </reporter-output>
        </test-method> <!-- beforeMethod -->
        <test-method status="PASS" signature="logout()[pri:60, instance:tests.LoginTests@cb0ed20]" name="logout" duration-ms="478" started-at="2022-10-12T00:56:14 CEST" finished-at="2022-10-12T00:56:14 CEST">
          <reporter-output>
          </reporter-output>
        </test-method> <!-- logout -->
        <test-method status="PASS" signature="afterMethod()[pri:0, instance:tests.LoginTests@cb0ed20]" name="afterMethod" is-config="true" duration-ms="1" started-at="2022-10-12T00:56:14 CEST" finished-at="2022-10-12T00:56:14 CEST">
          <reporter-output>
          </reporter-output>
        </test-method> <!-- afterMethod -->
        <test-method status="PASS" signature="afterClass()[pri:0, instance:tests.LoginTests@cb0ed20]" name="afterClass" is-config="true" duration-ms="1257" started-at="2022-10-12T00:56:14 CEST" finished-at="2022-10-12T00:56:16 CEST">
          <reporter-output>
          </reporter-output>
        </test-method> <!-- afterClass -->
      </class> <!-- tests.LoginTests -->
    </test> <!-- Default test -->
  </suite> <!-- Default suite -->
</testng-results>
