<?xml version="1.0" encoding="UTF-8"?>
<testng-results skipped="0" failed="0" ignored="0" total="4" passed="4">
  <reporter-output>
  </reporter-output>
  <suite name="Default suite" duration-ms="9522" started-at="2022-10-12T14:42:58 CEST" finished-at="2022-10-12T14:43:08 CEST">
    <groups>
    </groups>
    <test name="Default test" duration-ms="9522" started-at="2022-10-12T14:42:58 CEST" finished-at="2022-10-12T14:43:08 CEST">
      <class name="tests.AuthRoutesTests">
        <test-method status="PASS" signature="setup()[pri:0, instance:tests.AuthRoutesTests@cb0ed20]" name="setup" is-config="true" duration-ms="3712" started-at="2022-10-12T14:42:58 CEST" finished-at="2022-10-12T14:43:02 CEST">
          <reporter-output>
          </reporter-output>
        </test-method> <!-- setup -->
        <test-method status="PASS" signature="beforeMethod()[pri:0, instance:tests.AuthRoutesTests@cb0ed20]" name="beforeMethod" is-config="true" duration-ms="1297" started-at="2022-10-12T14:43:02 CEST" finished-at="2022-10-12T14:43:03 CEST">
          <reporter-output>
          </reporter-output>
        </test-method> <!-- beforeMethod -->
        <test-method status="PASS" signature="forbidsVisitsToHomeUrlIfNotAuthenticated()[pri:10, instance:tests.AuthRoutesTests@cb0ed20]" name="forbidsVisitsToHomeUrlIfNotAuthenticated" duration-ms="709" started-at="2022-10-12T14:43:03 CEST" finished-at="2022-10-12T14:43:04 CEST">
          <reporter-output>
          </reporter-output>
        </test-method> <!-- forbidsVisitsToHomeUrlIfNotAuthenticated -->
        <test-method status="PASS" signature="afterMethod()[pri:0, instance:tests.AuthRoutesTests@cb0ed20]" name="afterMethod" is-config="true" duration-ms="0" started-at="2022-10-12T14:43:04 CEST" finished-at="2022-10-12T14:43:04 CEST">
          <reporter-output>
          </reporter-output>
        </test-method> <!-- afterMethod -->
        <test-method status="PASS" signature="beforeMethod()[pri:0, instance:tests.AuthRoutesTests@cb0ed20]" name="beforeMethod" is-config="true" duration-ms="398" started-at="2022-10-12T14:43:04 CEST" finished-at="2022-10-12T14:43:05 CEST">
          <reporter-output>
          </reporter-output>
        </test-method> <!-- beforeMethod -->
        <test-method status="PASS" signature="forbidsVisitsToProfileUrlIfNotAuthenticated()[pri:20, instance:tests.AuthRoutesTests@cb0ed20]" name="forbidsVisitsToProfileUrlIfNotAuthenticated" duration-ms="580" started-at="2022-10-12T14:43:05 CEST" finished-at="2022-10-12T14:43:05 CEST">
          <reporter-output>
          </reporter-output>
        </test-method> <!-- forbidsVisitsToProfileUrlIfNotAuthenticated -->
        <test-method status="PASS" signature="afterMethod()[pri:0, instance:tests.AuthRoutesTests@cb0ed20]" name="afterMethod" is-config="true" duration-ms="0" started-at="2022-10-12T14:43:05 CEST" finished-at="2022-10-12T14:43:05 CEST">
          <reporter-output>
          </reporter-output>
        </test-method> <!-- afterMethod -->
        <test-method status="PASS" signature="beforeMethod()[pri:0, instance:tests.AuthRoutesTests@cb0ed20]" name="beforeMethod" is-config="true" duration-ms="422" started-at="2022-10-12T14:43:05 CEST" finished-at="2022-10-12T14:43:06 CEST">
          <reporter-output>
          </reporter-output>
        </test-method> <!-- beforeMethod -->
        <test-method status="PASS" signature="forbidsVisitsToAdminCitiesUrlIfNotAuthenticated()[pri:30, instance:tests.AuthRoutesTests@cb0ed20]" name="forbidsVisitsToAdminCitiesUrlIfNotAuthenticated" duration-ms="555" started-at="2022-10-12T14:43:06 CEST" finished-at="2022-10-12T14:43:06 CEST">
          <reporter-output>
          </reporter-output>
        </test-method> <!-- forbidsVisitsToAdminCitiesUrlIfNotAuthenticated -->
        <test-method status="PASS" signature="afterMethod()[pri:0, instance:tests.AuthRoutesTests@cb0ed20]" name="afterMethod" is-config="true" duration-ms="0" started-at="2022-10-12T14:43:06 CEST" finished-at="2022-10-12T14:43:06 CEST">
          <reporter-output>
          </reporter-output>
        </test-method> <!-- afterMethod -->
        <test-method status="PASS" signature="beforeMethod()[pri:0, instance:tests.AuthRoutesTests@cb0ed20]" name="beforeMethod" is-config="true" duration-ms="373" started-at="2022-10-12T14:43:06 CEST" finished-at="2022-10-12T14:43:06 CEST">
          <reporter-output>
          </reporter-output>
        </test-method> <!-- beforeMethod -->
        <test-method status="PASS" signature="forbidsVisitsToAdminUsersUrlIfNotAuthenticated()[pri:40, instance:tests.AuthRoutesTests@cb0ed20]" name="forbidsVisitsToAdminUsersUrlIfNotAuthenticated" duration-ms="643" started-at="2022-10-12T14:43:06 CEST" finished-at="2022-10-12T14:43:07 CEST">
          <reporter-output>
          </reporter-output>
        </test-method> <!-- forbidsVisitsToAdminUsersUrlIfNotAuthenticated -->
        <test-method status="PASS" signature="afterMethod()[pri:0, instance:tests.AuthRoutesTests@cb0ed20]" name="afterMethod" is-config="true" duration-ms="1" started-at="2022-10-12T14:43:07 CEST" finished-at="2022-10-12T14:43:07 CEST">
          <reporter-output>
          </reporter-output>
        </test-method> <!-- afterMethod -->
        <test-method status="PASS" signature="afterClass()[pri:0, instance:tests.AuthRoutesTests@cb0ed20]" name="afterClass" is-config="true" duration-ms="763" started-at="2022-10-12T14:43:07 CEST" finished-at="2022-10-12T14:43:08 CEST">
          <reporter-output>
          </reporter-output>
        </test-method> <!-- afterClass -->
      </class> <!-- tests.AuthRoutesTests -->
    </test> <!-- Default test -->
  </suite> <!-- Default suite -->
</testng-results>
